

============================== 2022-10-18 06:17:15.129911 | a7855e68-9ea1-4907-aaf1-d8c0ac47bc75 ==============================
[0m06:17:15.129928 [info ] [MainThread]: Running with dbt=1.3.0
[0m06:17:15.130302 [debug] [MainThread]: running dbt with arguments {'write_json': True, 'use_colors': True, 'printer_width': 80, 'version_check': True, 'partial_parse': True, 'static_parser': True, 'profiles_dir': '/Users/kingmoh/.dbt', 'send_anonymous_usage_stats': True, 'event_buffer_size': 100000, 'quiet': False, 'no_print': False, 'skip_profile_setup': False, 'which': 'init', 'indirect_selection': 'eager'}
[0m06:17:15.130414 [debug] [MainThread]: Tracking: tracking
[0m06:17:15.171724 [debug] [MainThread]: Sending event: {'category': 'dbt', 'action': 'invocation', 'label': 'start', 'context': [<snowplow_tracker.self_describing_json.SelfDescribingJson object at 0x7f87a863fe50>, <snowplow_tracker.self_describing_json.SelfDescribingJson object at 0x7f87a863fcd0>, <snowplow_tracker.self_describing_json.SelfDescribingJson object at 0x7f87a863fbb0>]}
[0m06:17:15.172744 [info ] [MainThread]: Creating dbt configuration folder at /Users/kingmoh/.dbt
[0m06:18:08.932271 [debug] [MainThread]: Starter project path: /Users/kingmoh/opt/anaconda3/envs/py-etl/lib/python3.9/site-packages/dbt/include/starter_project
[0m06:23:22.900713 [info ] [MainThread]: Profile kingdotcom written to /Users/kingmoh/.dbt/profiles.yml using target's profile_template.yml and your supplied values. Run 'dbt debug' to validate the connection.
[0m06:23:22.903917 [info ] [MainThread]: 
Your new dbt project "kingdotcom" was created!

For more information on how to configure the profiles.yml file,
please consult the dbt documentation here:

  https://docs.getdbt.com/docs/configure-your-profile

One more thing:

Need help? Don't hesitate to reach out to us via GitHub issues or on Slack:

  https://community.getdbt.com/

Happy modeling!

[0m06:23:22.905214 [debug] [MainThread]: Sending event: {'category': 'dbt', 'action': 'invocation', 'label': 'end', 'context': [<snowplow_tracker.self_describing_json.SelfDescribingJson object at 0x7f87bbbe39d0>, <snowplow_tracker.self_describing_json.SelfDescribingJson object at 0x7f87bbbc5c10>, <snowplow_tracker.self_describing_json.SelfDescribingJson object at 0x7f87bbbc5a00>]}
[0m06:23:22.906230 [debug] [MainThread]: Flushing usage events


============================== 2022-10-28 05:44:47.524678 | 683eedd7-b7ba-4170-9ee1-c3a6324cab15 ==============================
[0m05:44:47.524698 [info ] [MainThread]: Running with dbt=1.3.0
[0m05:44:47.525103 [debug] [MainThread]: running dbt with arguments {'write_json': True, 'use_colors': True, 'printer_width': 80, 'version_check': True, 'partial_parse': True, 'static_parser': True, 'profiles_dir': '/Users/kingmoh/.dbt', 'send_anonymous_usage_stats': True, 'event_buffer_size': 100000, 'quiet': False, 'no_print': False, 'project_name': 'migrating-legacy', 'skip_profile_setup': False, 'which': 'init', 'indirect_selection': 'eager'}
[0m05:44:47.525216 [debug] [MainThread]: Tracking: tracking
[0m05:44:47.579578 [debug] [MainThread]: Sending event: {'category': 'dbt', 'action': 'invocation', 'label': 'start', 'context': [<snowplow_tracker.self_describing_json.SelfDescribingJson object at 0x7f88e85689a0>, <snowplow_tracker.self_describing_json.SelfDescribingJson object at 0x7f88e8568820>, <snowplow_tracker.self_describing_json.SelfDescribingJson object at 0x7f88e8568850>]}
[0m05:45:00.107603 [debug] [MainThread]: Starter project path: /Users/kingmoh/opt/anaconda3/envs/py-etl/lib/python3.9/site-packages/dbt/include/starter_project
[0m05:46:51.098892 [info ] [MainThread]: Profile migrating_legacy written to /Users/kingmoh/.dbt/profiles.yml using target's profile_template.yml and your supplied values. Run 'dbt debug' to validate the connection.
[0m05:46:51.100132 [info ] [MainThread]: 
Your new dbt project "migrating_legacy" was created!

For more information on how to configure the profiles.yml file,
please consult the dbt documentation here:

  https://docs.getdbt.com/docs/configure-your-profile

One more thing:

Need help? Don't hesitate to reach out to us via GitHub issues or on Slack:

  https://community.getdbt.com/

Happy modeling!

[0m05:46:51.100605 [debug] [MainThread]: Sending event: {'category': 'dbt', 'action': 'invocation', 'label': 'end', 'context': [<snowplow_tracker.self_describing_json.SelfDescribingJson object at 0x7f890ae9a9d0>, <snowplow_tracker.self_describing_json.SelfDescribingJson object at 0x7f890ae9a8b0>, <snowplow_tracker.self_describing_json.SelfDescribingJson object at 0x7f890ae9ab50>]}
[0m05:46:51.100938 [debug] [MainThread]: Flushing usage events
